<?xml version="1.0" encoding="UTF-8"?>
<testng-results skipped="0" failed="0" ignored="0" total="1" passed="1">
  <reporter-output>
  </reporter-output>
  <suite name="Default suite" duration-ms="7270" started-at="2021-09-20T11:56:38 IST" finished-at="2021-09-20T11:56:46 IST">
    <groups>
    </groups>
    <test name="Default test" duration-ms="7270" started-at="2021-09-20T11:56:38 IST" finished-at="2021-09-20T11:56:46 IST">
      <class name="Selenium.ASSIGNMENT10.Practice">
        <test-method status="PASS" signature="Capturing_the_Screenshot_of_the_browser()[pri:0, instance:Selenium.ASSIGNMENT10.Practice@42f93a98]" name="Capturing_the_Screenshot_of_the_browser" duration-ms="7170" started-at="2021-09-20T11:56:39 IST" finished-at="2021-09-20T11:56:46 IST">
          <reporter-output>
          </reporter-output>
        </test-method> <!-- Capturing_the_Screenshot_of_the_browser -->
      </class> <!-- Selenium.ASSIGNMENT10.Practice -->
    </test> <!-- Default test -->
  </suite> <!-- Default suite -->
</testng-results>
